Arguments: 
  /usr/bin/node /usr/bin/yarn dev

PATH: 
  /home/george/bin:/home/george/.local/bin:/usr/local/sbin:/usr/local/bin:/usr/sbin:/usr/bin:/sbin:/bin:/usr/games:/usr/local/games:/snap/bin

Yarn version: 
  1.5.1

Node version: 
  8.11.2

Platform: 
  linux x64

npm manifest: 
  {
      "title": "Freelancer",
      "name": "startbootstrap-freelancer",
      "version": "4.1.1",
      "description": "A freelancer portfolio HTML theme for Bootstrap.",
      "keywords": [
          "css",
          "sass",
          "html",
          "responsive",
          "theme",
          "template"
      ],
      "homepage": "https://startbootstrap.com/template-overviews/freelancer",
      "bugs": {
          "url": "https://github.com/BlackrockDigital/startbootstrap-freelancer/issues",
          "email": "feedback@startbootstrap.com"
      },
      "license": "MIT",
      "author": "Start Bootstrap",
      "contributors": [
          "David Miller (http://davidmiller.io/)"
      ],
      "repository": {
          "type": "git",
          "url": "https://github.com/BlackrockDigital/startbootstrap-freelancer.git"
      },
      "dependencies": {
          "bootstrap": "4.1.1",
          "font-awesome": "4.7.0",
          "jquery": "3.3.1",
          "jquery.easing": "^1.4.1",
          "magnific-popup": "^1.1.0"
      },
      "devDependencies": {
          "browser-sync": "2.24.3",
          "gulp": "^3.9.1",
          "gulp-clean-css": "3.9.4",
          "gulp-filter": "5.1.0",
          "gulp-header": "2.0.5",
          "gulp-rename": "^1.2.2",
          "gulp-sass": "4.0.1",
          "gulp-uglify": "3.0.0"
      }
  }

yarn manifest: 
  No manifest

Lockfile: 
  No lockfile

Trace: 
  Error: Command "dev" not found.
      at new MessageError (/usr/lib/node_modules/yarn/lib/cli.js:186:110)
      at /usr/lib/node_modules/yarn/lib/cli.js:87307:17
      at Generator.next (<anonymous>)
      at step (/usr/lib/node_modules/yarn/lib/cli.js:98:30)
      at /usr/lib/node_modules/yarn/lib/cli.js:116:14
      at new Promise (<anonymous>)
      at new F (/usr/lib/node_modules/yarn/lib/cli.js:23451:28)
      at /usr/lib/node_modules/yarn/lib/cli.js:95:12
      at runCommand (/usr/lib/node_modules/yarn/lib/cli.js:87312:22)
      at Object.<anonymous> (/usr/lib/node_modules/yarn/lib/cli.js:87412:14)
